2015-04-02 18:18:19.266 Giftr[6402:223418] DiskCookieStorage changing policy from 2 to 0, cookie file: file:///Users/mattyoung/Library/Developer/CoreSimulator/Devices/B4E68F13-E1EF-4191-942E-2F467B17B754/data/Containers/Data/Application/69CB6D2F-2CAA-43BF-852F-114F7B864088/Library/Cookies/Cookies.binarycookies
2015-04-02 18:18:19.475 Giftr[6402:223418] Apache Cordova native platform version 3.8.0 is starting.
2015-04-02 18:18:19.475 Giftr[6402:223418] Multi-tasking -> Device: YES, App: YES
2015-04-02 18:18:19.486 Giftr[6402:223418] Unlimited access to network resources
2015-04-02 18:18:19.493 Giftr[6402:223418] 

Started backup to iCloud! Please be careful.
Your application might be rejected by Apple if you store too much data.
For more information please read "iOS Data Storage Guidelines" at:
https://developer.apple.com/icloud/documentation/data-storage/
To disable web storage backup to iCloud, set the BackupWebStorage preference to "local" in the Cordova config.xml file

2015-04-02 18:18:20.108 Giftr[6402:223418] Resetting plugins due to page load.
2015-04-02 18:18:20.242 Giftr[6402:223418] Finished load of: file:///Users/mattyoung/Library/Developer/CoreSimulator/Devices/B4E68F13-E1EF-4191-942E-2F467B17B754/data/Containers/Bundle/Application/6C9E173A-66BD-467D-A24C-8FD986BCB5B2/Giftr.app/www/index.html#home
2015-04-02 18:19:00.266 Giftr[6606:225637] DiskCookieStorage changing policy from 2 to 0, cookie file: file:///Users/mattyoung/Library/Developer/CoreSimulator/Devices/B4E68F13-E1EF-4191-942E-2F467B17B754/data/Containers/Data/Application/F4253EC2-5791-4EEE-B338-AD6220EF900E/Library/Cookies/Cookies.binarycookies
2015-04-02 18:19:00.315 Giftr[6606:225637] Apache Cordova native platform version 3.8.0 is starting.
2015-04-02 18:19:00.316 Giftr[6606:225637] Multi-tasking -> Device: YES, App: YES
2015-04-02 18:19:00.317 Giftr[6606:225637] Unlimited access to network resources
2015-04-02 18:19:00.319 Giftr[6606:225637] 

Started backup to iCloud! Please be careful.
Your application might be rejected by Apple if you store too much data.
For more information please read "iOS Data Storage Guidelines" at:
https://developer.apple.com/icloud/documentation/data-storage/
To disable web storage backup to iCloud, set the BackupWebStorage preference to "local" in the Cordova config.xml file

2015-04-02 18:19:00.419 Giftr[6606:225637] Resetting plugins due to page load.
2015-04-02 18:19:00.457 Giftr[6606:225637] Finished load of: file:///Users/mattyoung/Library/Developer/CoreSimulator/Devices/B4E68F13-E1EF-4191-942E-2F467B17B754/data/Containers/Bundle/Application/1DE926C2-D51F-46EE-88BF-23251BE3AD7A/Giftr.app/www/index.html#home
2015-04-09 17:52:53.193 Giftr[1167:65911] DiskCookieStorage changing policy from 2 to 0, cookie file: file:///Users/mattyoung/Library/Developer/CoreSimulator/Devices/B4E68F13-E1EF-4191-942E-2F467B17B754/data/Containers/Data/Application/BEA8675D-1C27-45B5-A29D-FC5D55800193/Library/Cookies/Cookies.binarycookies
2015-04-09 17:52:53.440 Giftr[1167:65911] Apache Cordova native platform version 3.8.0 is starting.
2015-04-09 17:52:53.441 Giftr[1167:65911] Multi-tasking -> Device: YES, App: YES
2015-04-09 17:52:53.455 Giftr[1167:65911] Unlimited access to network resources
2015-04-09 17:52:53.466 Giftr[1167:65911] 

Started backup to iCloud! Please be careful.
Your application might be rejected by Apple if you store too much data.
For more information please read "iOS Data Storage Guidelines" at:
https://developer.apple.com/icloud/documentation/data-storage/
To disable web storage backup to iCloud, set the BackupWebStorage preference to "local" in the Cordova config.xml file

2015-04-09 17:52:54.012 Giftr[1167:65911] Resetting plugins due to page load.
2015-04-09 17:52:54.228 Giftr[1167:65911] Finished load of: file:///Users/mattyoung/Library/Developer/CoreSimulator/Devices/B4E68F13-E1EF-4191-942E-2F467B17B754/data/Containers/Bundle/Application/72986C4E-473B-4191-BFC3-4028C9E9D3A5/Giftr.app/www/index.html#home
2015-04-09 17:52:54.898 Giftr[1167:65988] Communications error: <OS_xpc_error: <error: 0x2d7c5f4> { count = 1, contents =
	"XPCErrorDescription" => <string: 0x2d7c83c> { length = 22, contents = "Connection interrupted" }
}>
2015-04-09 18:01:16.896 Giftr[1304:70343] DiskCookieStorage changing policy from 2 to 0, cookie file: file:///Users/mattyoung/Library/Developer/CoreSimulator/Devices/B4E68F13-E1EF-4191-942E-2F467B17B754/data/Containers/Data/Application/330431C2-4B67-4387-96C4-77DC918A6E72/Library/Cookies/Cookies.binarycookies
2015-04-09 18:01:16.940 Giftr[1304:70343] Apache Cordova native platform version 3.8.0 is starting.
2015-04-09 18:01:16.940 Giftr[1304:70343] Multi-tasking -> Device: YES, App: YES
2015-04-09 18:01:16.941 Giftr[1304:70343] Unlimited access to network resources
2015-04-09 18:01:16.943 Giftr[1304:70343] 

Started backup to iCloud! Please be careful.
Your application might be rejected by Apple if you store too much data.
For more information please read "iOS Data Storage Guidelines" at:
https://developer.apple.com/icloud/documentation/data-storage/
To disable web storage backup to iCloud, set the BackupWebStorage preference to "local" in the Cordova config.xml file

2015-04-09 18:01:17.036 Giftr[1304:70343] Resetting plugins due to page load.
2015-04-09 18:01:17.079 Giftr[1304:70343] Finished load of: file:///Users/mattyoung/Library/Developer/CoreSimulator/Devices/B4E68F13-E1EF-4191-942E-2F467B17B754/data/Containers/Bundle/Application/E3DA4882-ACD8-45AD-916C-4F18001FA8E7/Giftr.app/www/index.html#home
2015-04-09 18:01:58.395 Giftr[1409:71257] DiskCookieStorage changing policy from 2 to 0, cookie file: file:///Users/mattyoung/Library/Developer/CoreSimulator/Devices/B4E68F13-E1EF-4191-942E-2F467B17B754/data/Containers/Data/Application/9BCE74D9-6DCA-4B92-9E2C-C1B2A5AC9198/Library/Cookies/Cookies.binarycookies
2015-04-09 18:01:58.436 Giftr[1409:71257] Apache Cordova native platform version 3.8.0 is starting.
2015-04-09 18:01:58.436 Giftr[1409:71257] Multi-tasking -> Device: YES, App: YES
2015-04-09 18:01:58.437 Giftr[1409:71257] Unlimited access to network resources
2015-04-09 18:01:58.439 Giftr[1409:71257] 

Started backup to iCloud! Please be careful.
Your application might be rejected by Apple if you store too much data.
For more information please read "iOS Data Storage Guidelines" at:
https://developer.apple.com/icloud/documentation/data-storage/
To disable web storage backup to iCloud, set the BackupWebStorage preference to "local" in the Cordova config.xml file

2015-04-09 18:01:58.531 Giftr[1409:71257] Resetting plugins due to page load.
2015-04-09 18:01:58.585 Giftr[1409:71257] Finished load of: file:///Users/mattyoung/Library/Developer/CoreSimulator/Devices/B4E68F13-E1EF-4191-942E-2F467B17B754/data/Containers/Bundle/Application/26D80EC8-3027-4FC0-8A83-845C4A7F7DDF/Giftr.app/www/index.html#home
2015-04-09 18:02:55.734 Giftr[1512:72453] DiskCookieStorage changing policy from 2 to 0, cookie file: file:///Users/mattyoung/Library/Developer/CoreSimulator/Devices/B4E68F13-E1EF-4191-942E-2F467B17B754/data/Containers/Data/Application/5B727E7B-F438-401B-A243-7D097138D929/Library/Cookies/Cookies.binarycookies
2015-04-09 18:02:55.780 Giftr[1512:72453] Apache Cordova native platform version 3.8.0 is starting.
2015-04-09 18:02:55.780 Giftr[1512:72453] Multi-tasking -> Device: YES, App: YES
2015-04-09 18:02:55.781 Giftr[1512:72453] Unlimited access to network resources
2015-04-09 18:02:55.783 Giftr[1512:72453] 

Started backup to iCloud! Please be careful.
Your application might be rejected by Apple if you store too much data.
For more information please read "iOS Data Storage Guidelines" at:
https://developer.apple.com/icloud/documentation/data-storage/
To disable web storage backup to iCloud, set the BackupWebStorage preference to "local" in the Cordova config.xml file

2015-04-09 18:02:55.879 Giftr[1512:72453] Resetting plugins due to page load.
2015-04-09 18:02:55.917 Giftr[1512:72453] Finished load of: file:///Users/mattyoung/Library/Developer/CoreSimulator/Devices/B4E68F13-E1EF-4191-942E-2F467B17B754/data/Containers/Bundle/Application/9CBFDB8A-F8F7-4EA2-84F1-333F5A713BBC/Giftr.app/www/index.html#home
2015-04-09 18:13:48.705 Giftr[1799:77129] DiskCookieStorage changing policy from 2 to 0, cookie file: file:///Users/mattyoung/Library/Developer/CoreSimulator/Devices/B4E68F13-E1EF-4191-942E-2F467B17B754/data/Containers/Data/Application/FF7891BC-ADF9-4811-B956-F6B68AA64511/Library/Cookies/Cookies.binarycookies
2015-04-09 18:13:48.767 Giftr[1799:77129] Apache Cordova native platform version 3.8.0 is starting.
2015-04-09 18:13:48.767 Giftr[1799:77129] Multi-tasking -> Device: YES, App: YES
2015-04-09 18:13:48.769 Giftr[1799:77129] Unlimited access to network resources
2015-04-09 18:13:48.771 Giftr[1799:77129] 

Started backup to iCloud! Please be careful.
Your application might be rejected by Apple if you store too much data.
For more information please read "iOS Data Storage Guidelines" at:
https://developer.apple.com/icloud/documentation/data-storage/
To disable web storage backup to iCloud, set the BackupWebStorage preference to "local" in the Cordova config.xml file

2015-04-09 18:13:48.859 Giftr[1799:77129] Resetting plugins due to page load.
2015-04-09 18:13:48.887 Giftr[1799:77129] Finished load of: file:///Users/mattyoung/Library/Developer/CoreSimulator/Devices/B4E68F13-E1EF-4191-942E-2F467B17B754/data/Containers/Bundle/Application/824F7EBC-D2C9-41C5-8E34-FA0A9EC0234D/Giftr.app/www/index.html
2015-04-09 18:14:53.436 Giftr[1799:77701] Terminating since there is no system app.
2015-04-09 18:15:32.396 Giftr[1908:78663] DiskCookieStorage changing policy from 2 to 0, cookie file: file:///Users/mattyoung/Library/Developer/CoreSimulator/Devices/B4E68F13-E1EF-4191-942E-2F467B17B754/data/Containers/Data/Application/7C145BA9-0F49-446E-A24B-8E190742C1A6/Library/Cookies/Cookies.binarycookies
2015-04-09 18:15:32.435 Giftr[1908:78663] Apache Cordova native platform version 3.8.0 is starting.
2015-04-09 18:15:32.435 Giftr[1908:78663] Multi-tasking -> Device: YES, App: YES
2015-04-09 18:15:32.437 Giftr[1908:78663] Unlimited access to network resources
2015-04-09 18:15:32.438 Giftr[1908:78663] 

Started backup to iCloud! Please be careful.
Your application might be rejected by Apple if you store too much data.
For more information please read "iOS Data Storage Guidelines" at:
https://developer.apple.com/icloud/documentation/data-storage/
To disable web storage backup to iCloud, set the BackupWebStorage preference to "local" in the Cordova config.xml file

2015-04-09 18:15:32.536 Giftr[1908:78663] Resetting plugins due to page load.
2015-04-09 18:15:32.564 Giftr[1908:78663] Finished load of: file:///Users/mattyoung/Library/Developer/CoreSimulator/Devices/B4E68F13-E1EF-4191-942E-2F467B17B754/data/Containers/Bundle/Application/DB9E265D-AB5B-466C-9FC1-DD036E94EC16/Giftr.app/www/index.html
2015-04-09 18:30:32.121 Giftr[2462:88128] DiskCookieStorage changing policy from 2 to 0, cookie file: file:///Users/mattyoung/Library/Developer/CoreSimulator/Devices/B4E68F13-E1EF-4191-942E-2F467B17B754/data/Containers/Data/Application/193640DE-8FAC-4190-8E8C-8C42312BAE73/Library/Cookies/Cookies.binarycookies
2015-04-09 18:30:32.171 Giftr[2462:88128] Apache Cordova native platform version 3.8.0 is starting.
2015-04-09 18:30:32.171 Giftr[2462:88128] Multi-tasking -> Device: YES, App: YES
2015-04-09 18:30:32.173 Giftr[2462:88128] Unlimited access to network resources
2015-04-09 18:30:32.175 Giftr[2462:88128] 

Started backup to iCloud! Please be careful.
Your application might be rejected by Apple if you store too much data.
For more information please read "iOS Data Storage Guidelines" at:
https://developer.apple.com/icloud/documentation/data-storage/
To disable web storage backup to iCloud, set the BackupWebStorage preference to "local" in the Cordova config.xml file

2015-04-09 18:30:32.295 Giftr[2462:88128] Resetting plugins due to page load.
2015-04-09 18:30:32.340 Giftr[2462:88128] Finished load of: file:///Users/mattyoung/Library/Developer/CoreSimulator/Devices/B4E68F13-E1EF-4191-942E-2F467B17B754/data/Containers/Bundle/Application/B8125203-B58C-49E8-AE21-AF076C094175/Giftr.app/www/index.html
2015-04-09 18:32:55.063 Giftr[2715:89898] DiskCookieStorage changing policy from 2 to 0, cookie file: file:///Users/mattyoung/Library/Developer/CoreSimulator/Devices/B4E68F13-E1EF-4191-942E-2F467B17B754/data/Containers/Data/Application/72FCBA42-2B54-47CA-B91D-881630A9DE62/Library/Cookies/Cookies.binarycookies
2015-04-09 18:32:55.108 Giftr[2715:89898] Apache Cordova native platform version 3.8.0 is starting.
2015-04-09 18:32:55.108 Giftr[2715:89898] Multi-tasking -> Device: YES, App: YES
2015-04-09 18:32:55.109 Giftr[2715:89898] Unlimited access to network resources
2015-04-09 18:32:55.111 Giftr[2715:89898] 

Started backup to iCloud! Please be careful.
Your application might be rejected by Apple if you store too much data.
For more information please read "iOS Data Storage Guidelines" at:
https://developer.apple.com/icloud/documentation/data-storage/
To disable web storage backup to iCloud, set the BackupWebStorage preference to "local" in the Cordova config.xml file

2015-04-09 18:32:55.217 Giftr[2715:89898] Resetting plugins due to page load.
2015-04-09 18:32:55.249 Giftr[2715:89898] Finished load of: file:///Users/mattyoung/Library/Developer/CoreSimulator/Devices/B4E68F13-E1EF-4191-942E-2F467B17B754/data/Containers/Bundle/Application/62355028-F3E2-4CF2-9D96-F2A6F843CB38/Giftr.app/www/index.html
2015-04-09 18:34:18.661 Giftr[2875:90922] DiskCookieStorage changing policy from 2 to 0, cookie file: file:///Users/mattyoung/Library/Developer/CoreSimulator/Devices/B4E68F13-E1EF-4191-942E-2F467B17B754/data/Containers/Data/Application/C9AB12CC-106E-4F07-A537-2BAF3215E254/Library/Cookies/Cookies.binarycookies
2015-04-09 18:34:18.709 Giftr[2875:90922] Apache Cordova native platform version 3.8.0 is starting.
2015-04-09 18:34:18.709 Giftr[2875:90922] Multi-tasking -> Device: YES, App: YES
2015-04-09 18:34:18.711 Giftr[2875:90922] Unlimited access to network resources
2015-04-09 18:34:18.712 Giftr[2875:90922] 

Started backup to iCloud! Please be careful.
Your application might be rejected by Apple if you store too much data.
For more information please read "iOS Data Storage Guidelines" at:
https://developer.apple.com/icloud/documentation/data-storage/
To disable web storage backup to iCloud, set the BackupWebStorage preference to "local" in the Cordova config.xml file

2015-04-09 18:34:18.806 Giftr[2875:90922] Resetting plugins due to page load.
2015-04-09 18:34:18.837 Giftr[2875:90922] Finished load of: file:///Users/mattyoung/Library/Developer/CoreSimulator/Devices/B4E68F13-E1EF-4191-942E-2F467B17B754/data/Containers/Bundle/Application/0146CA65-B438-4EA9-8DF5-7284C8F82F07/Giftr.app/www/index.html
2015-04-09 18:34:28.818 Giftr[2875:91072] Terminating since there is no system app.
